<?xml version="1.0" encoding="UTF-8"?>
<testsuite name="RationalTest" tests="4" skipped="0" failures="0" errors="0" timestamp="2022-09-12T05:39:16" hostname="DESKTOP-P43GJME" time="0.004">
  <properties/>
  <testcase name="testAdd" classname="RationalTest" time="0.003"/>
  <testcase name="testSubtract" classname="RationalTest" time="0.0"/>
  <testcase name="testDivide" classname="RationalTest" time="0.001"/>
  <testcase name="testMultiply" classname="RationalTest" time="0.0"/>
  <system-out><![CDATA[]]></system-out>
  <system-err><![CDATA[]]></system-err>
</testsuite>
